<?xml version="1.0" encoding="UTF-8"?>
<!-- Generated by org.testng.reporters.JUnitXMLReporter -->
<testsuite ignored="2" hostname="Gulshan" failures="0" tests="4" name="Test" time="3.915" errors="0" timestamp="03 Jul 2024 09:53:19 GMT">
  <testcase classname="employeeTest.EmployeeTest" name="addEmployeWithOutEmail" time="1.827"/>
  <testcase classname="employeeTest.EmployeeTest" name="addEmployeeTest" time="0.643"/>
  <testcase classname="projectTest.ProjectTest" name="addSingleProjectWithCreated" time="1.293"/>
  <testcase classname="projectTest.ProjectTest" name="addDuplicateProjectTest" time="0.122"/>
  <testcase classname="baseClass.BaseAPIClass" name="@AfterSuite configAS" time="0.0">
    <ignored/>
  </testcase> <!-- @AfterSuite configAS -->
  <testcase classname="baseClass.BaseAPIClass" name="@BeforeSuite configBS" time="0.0">
    <ignored/>
  </testcase> <!-- @BeforeSuite configBS -->
</testsuite> <!-- Test -->
